<!DOCTYPE html PUBLIC "-//W3C//DTD XHTML 1.1//EN" "https://www.w3.org/TR/xhtml11/DTD/xhtml11.dtd">
<html xmlns="https://www.w3.org/1999/xhtml">
<head>
<meta http-equiv="content-type" content="text/html; charset=UTF-8"/>
<title>TestNG Report</title>
<style type="text/css">table {margin-bottom:10px;border-collapse:collapse;empty-cells:show}th,td {border:1px solid #009;padding:.25em .5em}th {vertical-align:bottom}td {vertical-align:top}table a {font-weight:bold}.stripe td {background-color: #E6EBF9}.num {text-align:right}.passedodd td {background-color: #3F3}.passedeven td {background-color: #0A0}.skippedodd td {background-color: #DDD}.skippedeven td {background-color: #CCC}.failedodd td,.attn {background-color: #F33}.failedeven td,.stripe .attn {background-color: #D00}.stacktrace {white-space:pre;font-family:monospace}.totop {font-size:85%;text-align:center;border-bottom:2px solid #000}.invisible {display:none}</style>
</head>
<body>
<table>
<tr><th>Test</th><th># Passed</th><th># Skipped</th><th># Retried</th><th># Failed</th><th>Time (ms)</th><th>Included Groups</th><th>Excluded Groups</th></tr>
<tr><th colspan="8">Suite</th></tr>
<tr><td><a href="#t0">HelpTest</a></td><td class="num">1</td><td class="num">0</td><td class="num">0</td><td class="num">0</td><td class="num">25,938</td><td></td><td></td></tr>
<tr class="stripe"><td><a href="#t1">TrackorderTest</a></td><td class="num">1</td><td class="num">0</td><td class="num">0</td><td class="num">0</td><td class="num">27,027</td><td></td><td></td></tr>
<tr><td><a href="#t2">ViewcustomerTest</a></td><td class="num">1</td><td class="num">0</td><td class="num">0</td><td class="num">0</td><td class="num">20,983</td><td></td><td></td></tr>
<tr class="stripe"><td><a href="#t3">StoresTest</a></td><td class="num">1</td><td class="num">0</td><td class="num">0</td><td class="num">0</td><td class="num">22,041</td><td></td><td></td></tr>
<tr><td><a href="#t4">NavigationTest</a></td><td class="num">0</td><td class="num">0</td><td class="num">0</td><td class="num attn">1</td><td class="num">15,002</td><td></td><td></td></tr>
<tr class="stripe"><td><a href="#t5">RunnerTest</a></td><td class="num">1</td><td class="num">0</td><td class="num">0</td><td class="num">0</td><td class="num">43,567</td><td></td><td></td></tr>
<tr><td><a href="#t6">GiftcardTest</a></td><td class="num">1</td><td class="num">0</td><td class="num">0</td><td class="num">0</td><td class="num">27,136</td><td></td><td></td></tr>
<tr class="stripe"><td><a href="#t7">SearchTest</a></td><td class="num">0</td><td class="num">0</td><td class="num">0</td><td class="num attn">1</td><td class="num">14,635</td><td></td><td></td></tr>
<tr><td><a href="#t8">FooterTest</a></td><td class="num">1</td><td class="num">0</td><td class="num">0</td><td class="num">0</td><td class="num">20,174</td><td></td><td></td></tr>
<tr class="stripe"><td><a href="#t9">AddressTest</a></td><td class="num">1</td><td class="num">0</td><td class="num">0</td><td class="num">0</td><td class="num">14,571</td><td></td><td></td></tr>
<tr><td><a href="#t10">Searchexcel</a></td><td class="num">0</td><td class="num">0</td><td class="num">0</td><td class="num attn">1</td><td class="num">19,928</td><td></td><td></td></tr>
<tr><th>Total</th><th class="num">8</th><th class="num">0</th><th class="num">0</th><th class="num attn">3</th><th class="num">251,002</th><th colspan="2"></th></tr>
</table>
<table id='summary'><thead><tr><th>Class</th><th>Method</th><th>Start</th><th>Time (ms)</th></tr></thead><tbody><tr><th colspan="4">Suite</th></tr></tbody><tbody id="t0"><tr><th colspan="4">HelpTest &#8212; passed</th></tr><tr class="passedeven"><td rowspan="1">com.UrbanLadder.Runner.HelpTest</td><td><a href="#m0">GiftCardValidate</a></td><td rowspan="1">1632636066851</td><td rowspan="1">14037</td></tr></tbody>
<tbody id="t1"><tr><th colspan="4">TrackorderTest &#8212; passed</th></tr><tr class="passedeven"><td rowspan="1">com.UrbanLadder.Runner.TrackOrderTest</td><td><a href="#m1">validateStores</a></td><td rowspan="1">1632636093133</td><td rowspan="1">14803</td></tr></tbody>
<tbody id="t2"><tr><th colspan="4">ViewcustomerTest &#8212; passed</th></tr><tr class="passedeven"><td rowspan="1">com.UrbanLadder.Runner.ViewCustomerTest</td><td><a href="#m2">GiftCardValidate</a></td><td rowspan="1">1632636117547</td><td rowspan="1">11422</td></tr></tbody>
<tbody id="t3"><tr><th colspan="4">StoresTest &#8212; passed</th></tr><tr class="passedeven"><td rowspan="1">com.UrbanLadder.Runner.StoresTest</td><td><a href="#m3">validateStores</a></td><td rowspan="1">1632636137152</td><td rowspan="1">17811</td></tr></tbody>
<tbody id="t4"><tr><th colspan="4">NavigationTest &#8212; failed</th></tr><tr class="failedeven"><td rowspan="1">com.UrbanLadder.Runner.NavigationTest</td><td><a href="#m4">NavigationValidate</a></td><td rowspan="1">1632636160217</td><td rowspan="1">10014</td></tr></tbody>
<tbody id="t5"><tr><th colspan="4">RunnerTest &#8212; passed</th></tr><tr class="passedeven"><td rowspan="1">com.UrbanLadder.Runner.Runner</td><td><a href="#m5">HomePage</a></td><td rowspan="1">1632636172253</td><td rowspan="1">41635</td></tr></tbody>
<tbody id="t6"><tr><th colspan="4">GiftcardTest &#8212; passed</th></tr><tr class="passedeven"><td rowspan="1">com.UrbanLadder.Runner.GiftcardTest</td><td><a href="#m6">GiftCardValidate</a></td><td rowspan="1">1632636218580</td><td rowspan="1">17943</td></tr></tbody>
<tbody id="t7"><tr><th colspan="4">SearchTest &#8212; failed</th></tr><tr class="failedeven"><td rowspan="1">com.UrbanLadder.Runner.SearchTest</td><td><a href="#m7">SearchPage</a></td><td rowspan="1">1632636242667</td><td rowspan="1">13001</td></tr></tbody>
<tbody id="t8"><tr><th colspan="4">FooterTest &#8212; passed</th></tr><tr class="passedeven"><td rowspan="1">com.UrbanLadder.Runner.FooterTest</td><td><a href="#m8">GiftCardValidate</a></td><td rowspan="1">1632636260310</td><td rowspan="1">14696</td></tr></tbody>
<tbody id="t9"><tr><th colspan="4">AddressTest &#8212; passed</th></tr><tr class="passedeven"><td rowspan="1">com.UrbanLadder.Runner.AddressTest</td><td><a href="#m9">GiftCardValidate</a></td><td rowspan="1">1632636280542</td><td rowspan="1">9891</td></tr></tbody>
<tbody id="t10"><tr><th colspan="4">Searchexcel &#8212; failed</th></tr><tr class="failedeven"><td rowspan="1">com.UrbanLadder.Runner.SearchExcelTest</td><td><a href="#m10">SearchPage</a></td><td rowspan="1">1632636294122</td><td rowspan="1">16239</td></tr></tbody>
</table>
<h2>HelpTest</h2><h3 id="m0">com.UrbanLadder.Runner.HelpTest#GiftCardValidate</h3><table class="result"><tr><th class="invisible"/></tr></table><p class="totop"><a href="#summary">back to summary</a></p>
<h2>TrackorderTest</h2><h3 id="m1">com.UrbanLadder.Runner.TrackOrderTest#validateStores</h3><table class="result"><tr><th class="invisible"/></tr></table><p class="totop"><a href="#summary">back to summary</a></p>
<h2>ViewcustomerTest</h2><h3 id="m2">com.UrbanLadder.Runner.ViewCustomerTest#GiftCardValidate</h3><table class="result"><tr><th class="invisible"/></tr></table><p class="totop"><a href="#summary">back to summary</a></p>
<h2>StoresTest</h2><h3 id="m3">com.UrbanLadder.Runner.StoresTest#validateStores</h3><table class="result"><tr><th class="invisible"/></tr></table><p class="totop"><a href="#summary">back to summary</a></p>
<h2>NavigationTest</h2><h3 id="m4">com.UrbanLadder.Runner.NavigationTest#NavigationValidate</h3><table class="result"><tr><th>Exception</th></tr><tr><td><div class="stacktrace">org.openqa.selenium.ElementClickInterceptedException: element click intercepted: Element &lt;span class=&quot;topnav_itemname&quot;&gt;...&lt;/span&gt; is not clickable at point (351, 141). Other element would receive the click: &lt;div class=&quot;header__topBar-content&quot;&gt;...&lt;/div&gt;
  (Session info: chrome=93.0.4577.82)
Build info: version: &apos;3.141.59&apos;, revision: &apos;e82be7d358&apos;, time: &apos;2018-11-14T08:17:03&apos;
System info: host: &apos;LAB-63761848683&apos;, ip: &apos;172.18.23.148&apos;, os.name: &apos;Windows 10&apos;, os.arch: &apos;amd64&apos;, os.version: &apos;10.0&apos;, java.version: &apos;1.8.0_291&apos;
Driver info: org.openqa.selenium.chrome.ChromeDriver
Capabilities {acceptInsecureCerts: false, browserName: chrome, browserVersion: 93.0.4577.82, chrome: {chromedriverVersion: 92.0.4515.107 (87a818b10553..., userDataDir: C:\Users\User\AppData\Local...}, goog:chromeOptions: {debuggerAddress: localhost:52317}, javascriptEnabled: true, networkConnectionEnabled: false, pageLoadStrategy: normal, platform: WINDOWS, platformName: WINDOWS, proxy: Proxy(), setWindowRect: true, strictFileInteractability: false, timeouts: {implicit: 0, pageLoad: 300000, script: 30000}, unhandledPromptBehavior: dismiss and notify, webauthn:extension:credBlob: true, webauthn:extension:largeBlob: true, webauthn:virtualAuthenticators: true}
Session ID: 854121825d72048a492ed53a806d4264
	at org.openqa.selenium.remote.http.W3CHttpResponseCodec.createException(W3CHttpResponseCodec.java:187)
	at org.openqa.selenium.remote.http.W3CHttpResponseCodec.decode(W3CHttpResponseCodec.java:122)
	at org.openqa.selenium.remote.http.W3CHttpResponseCodec.decode(W3CHttpResponseCodec.java:49)
	at org.openqa.selenium.remote.HttpCommandExecutor.execute(HttpCommandExecutor.java:158)
	at org.openqa.selenium.remote.service.DriverCommandExecutor.execute(DriverCommandExecutor.java:83)
	at org.openqa.selenium.remote.RemoteWebDriver.execute(RemoteWebDriver.java:552)
	at org.openqa.selenium.remote.RemoteWebElement.execute(RemoteWebElement.java:285)
	at org.openqa.selenium.remote.RemoteWebElement.click(RemoteWebElement.java:84)
	at com.UrbanLadder.Runner.NavigationTest.NavigationValidate(NavigationTest.java:37)
	at java.util.ArrayList.forEach(ArrayList.java:1259)
... Removed 35 stack frames</div></td></tr></table><p class="totop"><a href="#summary">back to summary</a></p>
<h2>RunnerTest</h2><h3 id="m5">com.UrbanLadder.Runner.Runner#HomePage</h3><table class="result"><tr><th class="invisible"/></tr></table><p class="totop"><a href="#summary">back to summary</a></p>
<h2>GiftcardTest</h2><h3 id="m6">com.UrbanLadder.Runner.GiftcardTest#GiftCardValidate</h3><table class="result"><tr><th class="invisible"/></tr></table><p class="totop"><a href="#summary">back to summary</a></p>
<h2>SearchTest</h2><h3 id="m7">com.UrbanLadder.Runner.SearchTest#SearchPage</h3><table class="result"><tr><th>Exception</th></tr><tr><td><div class="stacktrace">org.openqa.selenium.ElementClickInterceptedException: element click intercepted: Element &lt;input type=&quot;search&quot; name=&quot;keywords&quot; id=&quot;search&quot; value=&quot;&quot; placeholder=&quot;Search&quot; itemprop=&quot;query-input&quot; class=&quot;typeahead tt-input&quot; autocomplete=&quot;off&quot; spellcheck=&quot;false&quot; dir=&quot;auto&quot; style=&quot;position: relative; vertical-align: top; background-color: transparent;&quot;&gt; is not clickable at point (631, 80). Other element would receive the click: &lt;div class=&quot;header__topBar-content&quot;&gt;...&lt;/div&gt;
  (Session info: chrome=93.0.4577.82)
Build info: version: &apos;3.141.59&apos;, revision: &apos;e82be7d358&apos;, time: &apos;2018-11-14T08:17:03&apos;
System info: host: &apos;LAB-63761848683&apos;, ip: &apos;172.18.23.148&apos;, os.name: &apos;Windows 10&apos;, os.arch: &apos;amd64&apos;, os.version: &apos;10.0&apos;, java.version: &apos;1.8.0_291&apos;
Driver info: org.openqa.selenium.chrome.ChromeDriver
Capabilities {acceptInsecureCerts: false, browserName: chrome, browserVersion: 93.0.4577.82, chrome: {chromedriverVersion: 92.0.4515.107 (87a818b10553..., userDataDir: C:\Users\User\AppData\Local...}, goog:chromeOptions: {debuggerAddress: localhost:65232}, javascriptEnabled: true, networkConnectionEnabled: false, pageLoadStrategy: normal, platform: WINDOWS, platformName: WINDOWS, proxy: Proxy(), setWindowRect: true, strictFileInteractability: false, timeouts: {implicit: 0, pageLoad: 300000, script: 30000}, unhandledPromptBehavior: dismiss and notify, webauthn:extension:credBlob: true, webauthn:extension:largeBlob: true, webauthn:virtualAuthenticators: true}
Session ID: 9417b6f8ae70fdffa89204ecbef22e47
	at org.openqa.selenium.remote.http.W3CHttpResponseCodec.createException(W3CHttpResponseCodec.java:187)
	at org.openqa.selenium.remote.http.W3CHttpResponseCodec.decode(W3CHttpResponseCodec.java:122)
	at org.openqa.selenium.remote.http.W3CHttpResponseCodec.decode(W3CHttpResponseCodec.java:49)
	at org.openqa.selenium.remote.HttpCommandExecutor.execute(HttpCommandExecutor.java:158)
	at org.openqa.selenium.remote.service.DriverCommandExecutor.execute(DriverCommandExecutor.java:83)
	at org.openqa.selenium.remote.RemoteWebDriver.execute(RemoteWebDriver.java:552)
	at org.openqa.selenium.remote.RemoteWebElement.execute(RemoteWebElement.java:285)
	at org.openqa.selenium.remote.RemoteWebElement.click(RemoteWebElement.java:84)
	at com.UrbanLadder.Runner.SearchTest.SearchPage(SearchTest.java:45)
	at java.util.ArrayList.forEach(ArrayList.java:1259)
... Removed 35 stack frames</div></td></tr></table><p class="totop"><a href="#summary">back to summary</a></p>
<h2>FooterTest</h2><h3 id="m8">com.UrbanLadder.Runner.FooterTest#GiftCardValidate</h3><table class="result"><tr><th class="invisible"/></tr></table><p class="totop"><a href="#summary">back to summary</a></p>
<h2>AddressTest</h2><h3 id="m9">com.UrbanLadder.Runner.AddressTest#GiftCardValidate</h3><table class="result"><tr><th class="invisible"/></tr></table><p class="totop"><a href="#summary">back to summary</a></p>
<h2>Searchexcel</h2><h3 id="m10">com.UrbanLadder.Runner.SearchExcelTest#SearchPage</h3><table class="result"><tr class="param"><th>Parameter #1</th></tr><tr class="param stripe"><td>Table</td></tr><tr><th>Exception</th></tr><tr><td><div class="stacktrace">org.openqa.selenium.ElementClickInterceptedException: element click intercepted: Element &lt;input type=&quot;search&quot; name=&quot;keywords&quot; id=&quot;search&quot; value=&quot;&quot; placeholder=&quot;Search&quot; itemprop=&quot;query-input&quot; class=&quot;typeahead tt-input&quot; autocomplete=&quot;off&quot; spellcheck=&quot;false&quot; dir=&quot;auto&quot; style=&quot;position: relative; vertical-align: top; background-color: transparent;&quot;&gt; is not clickable at point (631, 80). Other element would receive the click: &lt;div class=&quot;header__topBar-content&quot;&gt;...&lt;/div&gt;
  (Session info: chrome=93.0.4577.82)
Build info: version: &apos;3.141.59&apos;, revision: &apos;e82be7d358&apos;, time: &apos;2018-11-14T08:17:03&apos;
System info: host: &apos;LAB-63761848683&apos;, ip: &apos;172.18.23.148&apos;, os.name: &apos;Windows 10&apos;, os.arch: &apos;amd64&apos;, os.version: &apos;10.0&apos;, java.version: &apos;1.8.0_291&apos;
Driver info: org.openqa.selenium.chrome.ChromeDriver
Capabilities {acceptInsecureCerts: false, browserName: chrome, browserVersion: 93.0.4577.82, chrome: {chromedriverVersion: 92.0.4515.107 (87a818b10553..., userDataDir: C:\Users\User\AppData\Local...}, goog:chromeOptions: {debuggerAddress: localhost:54660}, javascriptEnabled: true, networkConnectionEnabled: false, pageLoadStrategy: normal, platform: WINDOWS, platformName: WINDOWS, proxy: Proxy(), setWindowRect: true, strictFileInteractability: false, timeouts: {implicit: 0, pageLoad: 300000, script: 30000}, unhandledPromptBehavior: dismiss and notify, webauthn:extension:credBlob: true, webauthn:extension:largeBlob: true, webauthn:virtualAuthenticators: true}
Session ID: 5a796842e2f548179c9dee30102e2405
	at org.openqa.selenium.remote.http.W3CHttpResponseCodec.createException(W3CHttpResponseCodec.java:187)
	at org.openqa.selenium.remote.http.W3CHttpResponseCodec.decode(W3CHttpResponseCodec.java:122)
	at org.openqa.selenium.remote.http.W3CHttpResponseCodec.decode(W3CHttpResponseCodec.java:49)
	at org.openqa.selenium.remote.HttpCommandExecutor.execute(HttpCommandExecutor.java:158)
	at org.openqa.selenium.remote.service.DriverCommandExecutor.execute(DriverCommandExecutor.java:83)
	at org.openqa.selenium.remote.RemoteWebDriver.execute(RemoteWebDriver.java:552)
	at org.openqa.selenium.remote.RemoteWebElement.execute(RemoteWebElement.java:285)
	at org.openqa.selenium.remote.RemoteWebElement.click(RemoteWebElement.java:84)
	at com.UrbanLadder.Runner.SearchExcelTest.SearchPage(SearchExcelTest.java:42)
	at java.util.ArrayList.forEach(ArrayList.java:1259)
... Removed 35 stack frames</div></td></tr></table><p class="totop"><a href="#summary">back to summary</a></p>
</body>
</html>
