<?xml version="1.0" encoding="UTF-8"?>
<testng-results skipped="0" failed="3" ignored="0" total="11" passed="8">
  <reporter-output>
  </reporter-output>
  <suite name="Suite" duration-ms="251094" started-at="2021-09-26T11:30:59 IST" finished-at="2021-09-26T11:35:10 IST">
    <groups>
    </groups>
    <test name="HelpTest" duration-ms="25938" started-at="2021-09-26T11:30:59 IST" finished-at="2021-09-26T11:31:25 IST">
      <class name="com.UrbanLadder.Runner.HelpTest">
        <test-method status="PASS" signature="initialize()[pri:0, instance:com.UrbanLadder.Runner.HelpTest@6e509ffa]" name="initialize" is-config="true" duration-ms="7519" started-at="2021-09-26T11:30:59 IST" finished-at="2021-09-26T11:31:06 IST">
          <reporter-output>
          </reporter-output>
        </test-method> <!-- initialize -->
        <test-method status="PASS" signature="GiftCardValidate()[pri:0, instance:com.UrbanLadder.Runner.HelpTest@6e509ffa]" name="GiftCardValidate" duration-ms="14037" started-at="2021-09-26T11:31:06 IST" finished-at="2021-09-26T11:31:20 IST">
          <reporter-output>
          </reporter-output>
        </test-method> <!-- GiftCardValidate -->
        <test-method status="PASS" signature="teardown()[pri:0, instance:com.UrbanLadder.Runner.HelpTest@6e509ffa]" name="teardown" is-config="true" duration-ms="4314" started-at="2021-09-26T11:31:20 IST" finished-at="2021-09-26T11:31:25 IST">
          <reporter-output>
          </reporter-output>
        </test-method> <!-- teardown -->
      </class> <!-- com.UrbanLadder.Runner.HelpTest -->
    </test> <!-- HelpTest -->
    <test name="TrackorderTest" duration-ms="27027" started-at="2021-09-26T11:31:25 IST" finished-at="2021-09-26T11:31:52 IST">
      <class name="com.UrbanLadder.Runner.TrackOrderTest">
        <test-method status="PASS" signature="initialize()[pri:0, instance:com.UrbanLadder.Runner.TrackOrderTest@1d8bd0de]" name="initialize" is-config="true" duration-ms="7903" started-at="2021-09-26T11:31:25 IST" finished-at="2021-09-26T11:31:33 IST">
          <reporter-output>
          </reporter-output>
        </test-method> <!-- initialize -->
        <test-method status="PASS" signature="validateStores()[pri:0, instance:com.UrbanLadder.Runner.TrackOrderTest@1d8bd0de]" name="validateStores" duration-ms="14803" started-at="2021-09-26T11:31:33 IST" finished-at="2021-09-26T11:31:47 IST">
          <reporter-output>
          </reporter-output>
        </test-method> <!-- validateStores -->
        <test-method status="PASS" signature="teardown()[pri:0, instance:com.UrbanLadder.Runner.TrackOrderTest@1d8bd0de]" name="teardown" is-config="true" duration-ms="4318" started-at="2021-09-26T11:31:47 IST" finished-at="2021-09-26T11:31:52 IST">
          <reporter-output>
          </reporter-output>
        </test-method> <!-- teardown -->
      </class> <!-- com.UrbanLadder.Runner.TrackOrderTest -->
    </test> <!-- TrackorderTest -->
    <test name="ViewcustomerTest" duration-ms="20983" started-at="2021-09-26T11:31:52 IST" finished-at="2021-09-26T11:32:13 IST">
      <class name="com.UrbanLadder.Runner.ViewCustomerTest">
        <test-method status="PASS" signature="initialize()[pri:0, instance:com.UrbanLadder.Runner.ViewCustomerTest@574b560f]" name="initialize" is-config="true" duration-ms="5286" started-at="2021-09-26T11:31:52 IST" finished-at="2021-09-26T11:31:57 IST">
          <reporter-output>
          </reporter-output>
        </test-method> <!-- initialize -->
        <test-method status="PASS" signature="GiftCardValidate()[pri:0, instance:com.UrbanLadder.Runner.ViewCustomerTest@574b560f]" name="GiftCardValidate" duration-ms="11422" started-at="2021-09-26T11:31:57 IST" finished-at="2021-09-26T11:32:08 IST">
          <reporter-output>
          </reporter-output>
        </test-method> <!-- GiftCardValidate -->
        <test-method status="PASS" signature="teardown()[pri:0, instance:com.UrbanLadder.Runner.ViewCustomerTest@574b560f]" name="teardown" is-config="true" duration-ms="4274" started-at="2021-09-26T11:32:08 IST" finished-at="2021-09-26T11:32:13 IST">
          <reporter-output>
          </reporter-output>
        </test-method> <!-- teardown -->
      </class> <!-- com.UrbanLadder.Runner.ViewCustomerTest -->
    </test> <!-- ViewcustomerTest -->
    <test name="StoresTest" duration-ms="22041" started-at="2021-09-26T11:32:13 IST" finished-at="2021-09-26T11:32:35 IST">
      <class name="com.UrbanLadder.Runner.StoresTest">
        <test-method status="PASS" signature="initialize()[pri:0, instance:com.UrbanLadder.Runner.StoresTest@157853da]" name="initialize" is-config="true" duration-ms="3900" started-at="2021-09-26T11:32:13 IST" finished-at="2021-09-26T11:32:17 IST">
          <reporter-output>
          </reporter-output>
        </test-method> <!-- initialize -->
        <test-method status="PASS" signature="validateStores()[pri:0, instance:com.UrbanLadder.Runner.StoresTest@157853da]" name="validateStores" duration-ms="17811" started-at="2021-09-26T11:32:17 IST" finished-at="2021-09-26T11:32:34 IST">
          <reporter-output>
          </reporter-output>
        </test-method> <!-- validateStores -->
        <test-method status="PASS" signature="teardown()[pri:0, instance:com.UrbanLadder.Runner.StoresTest@157853da]" name="teardown" is-config="true" duration-ms="328" started-at="2021-09-26T11:32:34 IST" finished-at="2021-09-26T11:32:35 IST">
          <reporter-output>
          </reporter-output>
        </test-method> <!-- teardown -->
      </class> <!-- com.UrbanLadder.Runner.StoresTest -->
    </test> <!-- StoresTest -->
    <test name="NavigationTest" duration-ms="15002" started-at="2021-09-26T11:32:35 IST" finished-at="2021-09-26T11:32:50 IST">
      <class name="com.UrbanLadder.Runner.NavigationTest">
        <test-method status="PASS" signature="initialize()[pri:0, instance:com.UrbanLadder.Runner.NavigationTest@dd0c991]" name="initialize" is-config="true" duration-ms="4920" started-at="2021-09-26T11:32:35 IST" finished-at="2021-09-26T11:32:40 IST">
          <reporter-output>
          </reporter-output>
        </test-method> <!-- initialize -->
        <test-method status="FAIL" signature="NavigationValidate()[pri:0, instance:com.UrbanLadder.Runner.NavigationTest@dd0c991]" name="NavigationValidate" duration-ms="10014" started-at="2021-09-26T11:32:40 IST" finished-at="2021-09-26T11:32:50 IST">
          <exception class="org.openqa.selenium.ElementClickInterceptedException">
            <message>
              <![CDATA[element click intercepted: Element <span class="topnav_itemname">...</span> is not clickable at point (351, 141). Other element would receive the click: <div class="header__topBar-content">...</div>
  (Session info: chrome=93.0.4577.82)
Build info: version: '3.141.59', revision: 'e82be7d358', time: '2018-11-14T08:17:03'
System info: host: 'LAB-63761848683', ip: '172.18.23.148', os.name: 'Windows 10', os.arch: 'amd64', os.version: '10.0', java.version: '1.8.0_291'
Driver info: org.openqa.selenium.chrome.ChromeDriver
Capabilities {acceptInsecureCerts: false, browserName: chrome, browserVersion: 93.0.4577.82, chrome: {chromedriverVersion: 92.0.4515.107 (87a818b10553..., userDataDir: C:\Users\User\AppData\Local...}, goog:chromeOptions: {debuggerAddress: localhost:52317}, javascriptEnabled: true, networkConnectionEnabled: false, pageLoadStrategy: normal, platform: WINDOWS, platformName: WINDOWS, proxy: Proxy(), setWindowRect: true, strictFileInteractability: false, timeouts: {implicit: 0, pageLoad: 300000, script: 30000}, unhandledPromptBehavior: dismiss and notify, webauthn:extension:credBlob: true, webauthn:extension:largeBlob: true, webauthn:virtualAuthenticators: true}
Session ID: 854121825d72048a492ed53a806d4264]]>
            </message>
            <full-stacktrace>
              <![CDATA[org.openqa.selenium.ElementClickInterceptedException: element click intercepted: Element <span class="topnav_itemname">...</span> is not clickable at point (351, 141). Other element would receive the click: <div class="header__topBar-content">...</div>
  (Session info: chrome=93.0.4577.82)
Build info: version: '3.141.59', revision: 'e82be7d358', time: '2018-11-14T08:17:03'
System info: host: 'LAB-63761848683', ip: '172.18.23.148', os.name: 'Windows 10', os.arch: 'amd64', os.version: '10.0', java.version: '1.8.0_291'
Driver info: org.openqa.selenium.chrome.ChromeDriver
Capabilities {acceptInsecureCerts: false, browserName: chrome, browserVersion: 93.0.4577.82, chrome: {chromedriverVersion: 92.0.4515.107 (87a818b10553..., userDataDir: C:\Users\User\AppData\Local...}, goog:chromeOptions: {debuggerAddress: localhost:52317}, javascriptEnabled: true, networkConnectionEnabled: false, pageLoadStrategy: normal, platform: WINDOWS, platformName: WINDOWS, proxy: Proxy(), setWindowRect: true, strictFileInteractability: false, timeouts: {implicit: 0, pageLoad: 300000, script: 30000}, unhandledPromptBehavior: dismiss and notify, webauthn:extension:credBlob: true, webauthn:extension:largeBlob: true, webauthn:virtualAuthenticators: true}
Session ID: 854121825d72048a492ed53a806d4264
at sun.reflect.NativeConstructorAccessorImpl.newInstance0(Native Method)
at sun.reflect.NativeConstructorAccessorImpl.newInstance(NativeConstructorAccessorImpl.java:62)
at sun.reflect.DelegatingConstructorAccessorImpl.newInstance(DelegatingConstructorAccessorImpl.java:45)
at java.lang.reflect.Constructor.newInstance(Constructor.java:423)
at org.openqa.selenium.remote.http.W3CHttpResponseCodec.createException(W3CHttpResponseCodec.java:187)
at org.openqa.selenium.remote.http.W3CHttpResponseCodec.decode(W3CHttpResponseCodec.java:122)
at org.openqa.selenium.remote.http.W3CHttpResponseCodec.decode(W3CHttpResponseCodec.java:49)
at org.openqa.selenium.remote.HttpCommandExecutor.execute(HttpCommandExecutor.java:158)
at org.openqa.selenium.remote.service.DriverCommandExecutor.execute(DriverCommandExecutor.java:83)
at org.openqa.selenium.remote.RemoteWebDriver.execute(RemoteWebDriver.java:552)
at org.openqa.selenium.remote.RemoteWebElement.execute(RemoteWebElement.java:285)
at org.openqa.selenium.remote.RemoteWebElement.click(RemoteWebElement.java:84)
at com.UrbanLadder.Runner.NavigationTest.NavigationValidate(NavigationTest.java:37)
at sun.reflect.NativeMethodAccessorImpl.invoke0(Native Method)
at sun.reflect.NativeMethodAccessorImpl.invoke(NativeMethodAccessorImpl.java:62)
at sun.reflect.DelegatingMethodAccessorImpl.invoke(DelegatingMethodAccessorImpl.java:43)
at java.lang.reflect.Method.invoke(Method.java:498)
at org.testng.internal.MethodInvocationHelper.invokeMethod(MethodInvocationHelper.java:133)
at org.testng.internal.TestInvoker.invokeMethod(TestInvoker.java:598)
at org.testng.internal.TestInvoker.invokeTestMethod(TestInvoker.java:173)
at org.testng.internal.MethodRunner.runInSequence(MethodRunner.java:46)
at org.testng.internal.TestInvoker$MethodInvocationAgent.invoke(TestInvoker.java:824)
at org.testng.internal.TestInvoker.invokeTestMethods(TestInvoker.java:146)
at org.testng.internal.TestMethodWorker.invokeTestMethods(TestMethodWorker.java:146)
at org.testng.internal.TestMethodWorker.run(TestMethodWorker.java:128)
at java.util.ArrayList.forEach(ArrayList.java:1259)
at org.testng.TestRunner.privateRun(TestRunner.java:794)
at org.testng.TestRunner.run(TestRunner.java:596)
at org.testng.SuiteRunner.runTest(SuiteRunner.java:377)
at org.testng.SuiteRunner.runSequentially(SuiteRunner.java:371)
at org.testng.SuiteRunner.privateRun(SuiteRunner.java:332)
at org.testng.SuiteRunner.run(SuiteRunner.java:276)
at org.testng.SuiteRunnerWorker.runSuite(SuiteRunnerWorker.java:53)
at org.testng.SuiteRunnerWorker.run(SuiteRunnerWorker.java:96)
at org.testng.TestNG.runSuitesSequentially(TestNG.java:1212)
at org.testng.TestNG.runSuitesLocally(TestNG.java:1134)
at org.testng.TestNG.runSuites(TestNG.java:1063)
at org.testng.TestNG.run(TestNG.java:1031)
at org.apache.maven.surefire.testng.TestNGExecutor.run(TestNGExecutor.java:284)
at org.apache.maven.surefire.testng.TestNGXmlTestSuite.execute(TestNGXmlTestSuite.java:75)
at org.apache.maven.surefire.testng.TestNGProvider.invoke(TestNGProvider.java:119)
at org.apache.maven.surefire.booter.ForkedBooter.runSuitesInProcess(ForkedBooter.java:428)
at org.apache.maven.surefire.booter.ForkedBooter.execute(ForkedBooter.java:162)
at org.apache.maven.surefire.booter.ForkedBooter.run(ForkedBooter.java:562)
at org.apache.maven.surefire.booter.ForkedBooter.main(ForkedBooter.java:548)
]]>
            </full-stacktrace>
          </exception> <!-- org.openqa.selenium.ElementClickInterceptedException -->
          <reporter-output>
          </reporter-output>
        </test-method> <!-- NavigationValidate -->
      </class> <!-- com.UrbanLadder.Runner.NavigationTest -->
    </test> <!-- NavigationTest -->
    <test name="RunnerTest" duration-ms="43567" started-at="2021-09-26T11:32:50 IST" finished-at="2021-09-26T11:33:33 IST">
      <class name="com.UrbanLadder.Runner.Runner">
        <test-method status="PASS" signature="openBrowser()[pri:0, instance:com.UrbanLadder.Runner.Runner@671a5887]" name="openBrowser" is-config="true" duration-ms="1931" started-at="2021-09-26T11:32:50 IST" finished-at="2021-09-26T11:32:52 IST">
          <reporter-output>
          </reporter-output>
        </test-method> <!-- openBrowser -->
        <test-method status="PASS" signature="HomePage()[pri:0, instance:com.UrbanLadder.Runner.Runner@671a5887]" name="HomePage" duration-ms="41635" started-at="2021-09-26T11:32:52 IST" finished-at="2021-09-26T11:33:33 IST">
          <reporter-output>
          </reporter-output>
        </test-method> <!-- HomePage -->
      </class> <!-- com.UrbanLadder.Runner.Runner -->
    </test> <!-- RunnerTest -->
    <test name="GiftcardTest" duration-ms="27136" started-at="2021-09-26T11:33:33 IST" finished-at="2021-09-26T11:34:01 IST">
      <class name="com.UrbanLadder.Runner.GiftcardTest">
        <test-method status="PASS" signature="initialize()[pri:0, instance:com.UrbanLadder.Runner.GiftcardTest@1356d4d4]" name="initialize" is-config="true" duration-ms="4686" started-at="2021-09-26T11:33:33 IST" finished-at="2021-09-26T11:33:38 IST">
          <reporter-output>
          </reporter-output>
        </test-method> <!-- initialize -->
        <test-method status="PASS" signature="GiftCardValidate()[pri:0, instance:com.UrbanLadder.Runner.GiftcardTest@1356d4d4]" name="GiftCardValidate" duration-ms="17943" started-at="2021-09-26T11:33:38 IST" finished-at="2021-09-26T11:33:56 IST">
          <reporter-output>
          </reporter-output>
        </test-method> <!-- GiftCardValidate -->
        <test-method status="PASS" signature="teardown()[pri:0, instance:com.UrbanLadder.Runner.GiftcardTest@1356d4d4]" name="teardown" is-config="true" duration-ms="4505" started-at="2021-09-26T11:33:56 IST" finished-at="2021-09-26T11:34:01 IST">
          <reporter-output>
          </reporter-output>
        </test-method> <!-- teardown -->
      </class> <!-- com.UrbanLadder.Runner.GiftcardTest -->
    </test> <!-- GiftcardTest -->
    <test name="SearchTest" duration-ms="14635" started-at="2021-09-26T11:34:01 IST" finished-at="2021-09-26T11:34:15 IST">
      <class name="com.UrbanLadder.Runner.SearchTest">
        <test-method status="PASS" signature="openBrowser()[pri:0, instance:com.UrbanLadder.Runner.SearchTest@4f67eb2a]" name="openBrowser" is-config="true" duration-ms="1630" started-at="2021-09-26T11:34:01 IST" finished-at="2021-09-26T11:34:02 IST">
          <reporter-output>
          </reporter-output>
        </test-method> <!-- openBrowser -->
        <test-method status="FAIL" signature="SearchPage()[pri:0, instance:com.UrbanLadder.Runner.SearchTest@4f67eb2a]" name="SearchPage" duration-ms="13001" started-at="2021-09-26T11:34:02 IST" finished-at="2021-09-26T11:34:15 IST">
          <exception class="org.openqa.selenium.ElementClickInterceptedException">
            <message>
              <![CDATA[element click intercepted: Element <input type="search" name="keywords" id="search" value="" placeholder="Search" itemprop="query-input" class="typeahead tt-input" autocomplete="off" spellcheck="false" dir="auto" style="position: relative; vertical-align: top; background-color: transparent;"> is not clickable at point (631, 80). Other element would receive the click: <div class="header__topBar-content">...</div>
  (Session info: chrome=93.0.4577.82)
Build info: version: '3.141.59', revision: 'e82be7d358', time: '2018-11-14T08:17:03'
System info: host: 'LAB-63761848683', ip: '172.18.23.148', os.name: 'Windows 10', os.arch: 'amd64', os.version: '10.0', java.version: '1.8.0_291'
Driver info: org.openqa.selenium.chrome.ChromeDriver
Capabilities {acceptInsecureCerts: false, browserName: chrome, browserVersion: 93.0.4577.82, chrome: {chromedriverVersion: 92.0.4515.107 (87a818b10553..., userDataDir: C:\Users\User\AppData\Local...}, goog:chromeOptions: {debuggerAddress: localhost:65232}, javascriptEnabled: true, networkConnectionEnabled: false, pageLoadStrategy: normal, platform: WINDOWS, platformName: WINDOWS, proxy: Proxy(), setWindowRect: true, strictFileInteractability: false, timeouts: {implicit: 0, pageLoad: 300000, script: 30000}, unhandledPromptBehavior: dismiss and notify, webauthn:extension:credBlob: true, webauthn:extension:largeBlob: true, webauthn:virtualAuthenticators: true}
Session ID: 9417b6f8ae70fdffa89204ecbef22e47]]>
            </message>
            <full-stacktrace>
              <![CDATA[org.openqa.selenium.ElementClickInterceptedException: element click intercepted: Element <input type="search" name="keywords" id="search" value="" placeholder="Search" itemprop="query-input" class="typeahead tt-input" autocomplete="off" spellcheck="false" dir="auto" style="position: relative; vertical-align: top; background-color: transparent;"> is not clickable at point (631, 80). Other element would receive the click: <div class="header__topBar-content">...</div>
  (Session info: chrome=93.0.4577.82)
Build info: version: '3.141.59', revision: 'e82be7d358', time: '2018-11-14T08:17:03'
System info: host: 'LAB-63761848683', ip: '172.18.23.148', os.name: 'Windows 10', os.arch: 'amd64', os.version: '10.0', java.version: '1.8.0_291'
Driver info: org.openqa.selenium.chrome.ChromeDriver
Capabilities {acceptInsecureCerts: false, browserName: chrome, browserVersion: 93.0.4577.82, chrome: {chromedriverVersion: 92.0.4515.107 (87a818b10553..., userDataDir: C:\Users\User\AppData\Local...}, goog:chromeOptions: {debuggerAddress: localhost:65232}, javascriptEnabled: true, networkConnectionEnabled: false, pageLoadStrategy: normal, platform: WINDOWS, platformName: WINDOWS, proxy: Proxy(), setWindowRect: true, strictFileInteractability: false, timeouts: {implicit: 0, pageLoad: 300000, script: 30000}, unhandledPromptBehavior: dismiss and notify, webauthn:extension:credBlob: true, webauthn:extension:largeBlob: true, webauthn:virtualAuthenticators: true}
Session ID: 9417b6f8ae70fdffa89204ecbef22e47
at sun.reflect.NativeConstructorAccessorImpl.newInstance0(Native Method)
at sun.reflect.NativeConstructorAccessorImpl.newInstance(NativeConstructorAccessorImpl.java:62)
at sun.reflect.DelegatingConstructorAccessorImpl.newInstance(DelegatingConstructorAccessorImpl.java:45)
at java.lang.reflect.Constructor.newInstance(Constructor.java:423)
at org.openqa.selenium.remote.http.W3CHttpResponseCodec.createException(W3CHttpResponseCodec.java:187)
at org.openqa.selenium.remote.http.W3CHttpResponseCodec.decode(W3CHttpResponseCodec.java:122)
at org.openqa.selenium.remote.http.W3CHttpResponseCodec.decode(W3CHttpResponseCodec.java:49)
at org.openqa.selenium.remote.HttpCommandExecutor.execute(HttpCommandExecutor.java:158)
at org.openqa.selenium.remote.service.DriverCommandExecutor.execute(DriverCommandExecutor.java:83)
at org.openqa.selenium.remote.RemoteWebDriver.execute(RemoteWebDriver.java:552)
at org.openqa.selenium.remote.RemoteWebElement.execute(RemoteWebElement.java:285)
at org.openqa.selenium.remote.RemoteWebElement.click(RemoteWebElement.java:84)
at com.UrbanLadder.Runner.SearchTest.SearchPage(SearchTest.java:45)
at sun.reflect.NativeMethodAccessorImpl.invoke0(Native Method)
at sun.reflect.NativeMethodAccessorImpl.invoke(NativeMethodAccessorImpl.java:62)
at sun.reflect.DelegatingMethodAccessorImpl.invoke(DelegatingMethodAccessorImpl.java:43)
at java.lang.reflect.Method.invoke(Method.java:498)
at org.testng.internal.MethodInvocationHelper.invokeMethod(MethodInvocationHelper.java:133)
at org.testng.internal.TestInvoker.invokeMethod(TestInvoker.java:598)
at org.testng.internal.TestInvoker.invokeTestMethod(TestInvoker.java:173)
at org.testng.internal.MethodRunner.runInSequence(MethodRunner.java:46)
at org.testng.internal.TestInvoker$MethodInvocationAgent.invoke(TestInvoker.java:824)
at org.testng.internal.TestInvoker.invokeTestMethods(TestInvoker.java:146)
at org.testng.internal.TestMethodWorker.invokeTestMethods(TestMethodWorker.java:146)
at org.testng.internal.TestMethodWorker.run(TestMethodWorker.java:128)
at java.util.ArrayList.forEach(ArrayList.java:1259)
at org.testng.TestRunner.privateRun(TestRunner.java:794)
at org.testng.TestRunner.run(TestRunner.java:596)
at org.testng.SuiteRunner.runTest(SuiteRunner.java:377)
at org.testng.SuiteRunner.runSequentially(SuiteRunner.java:371)
at org.testng.SuiteRunner.privateRun(SuiteRunner.java:332)
at org.testng.SuiteRunner.run(SuiteRunner.java:276)
at org.testng.SuiteRunnerWorker.runSuite(SuiteRunnerWorker.java:53)
at org.testng.SuiteRunnerWorker.run(SuiteRunnerWorker.java:96)
at org.testng.TestNG.runSuitesSequentially(TestNG.java:1212)
at org.testng.TestNG.runSuitesLocally(TestNG.java:1134)
at org.testng.TestNG.runSuites(TestNG.java:1063)
at org.testng.TestNG.run(TestNG.java:1031)
at org.apache.maven.surefire.testng.TestNGExecutor.run(TestNGExecutor.java:284)
at org.apache.maven.surefire.testng.TestNGXmlTestSuite.execute(TestNGXmlTestSuite.java:75)
at org.apache.maven.surefire.testng.TestNGProvider.invoke(TestNGProvider.java:119)
at org.apache.maven.surefire.booter.ForkedBooter.runSuitesInProcess(ForkedBooter.java:428)
at org.apache.maven.surefire.booter.ForkedBooter.execute(ForkedBooter.java:162)
at org.apache.maven.surefire.booter.ForkedBooter.run(ForkedBooter.java:562)
at org.apache.maven.surefire.booter.ForkedBooter.main(ForkedBooter.java:548)
]]>
            </full-stacktrace>
          </exception> <!-- org.openqa.selenium.ElementClickInterceptedException -->
          <reporter-output>
          </reporter-output>
        </test-method> <!-- SearchPage -->
      </class> <!-- com.UrbanLadder.Runner.SearchTest -->
    </test> <!-- SearchTest -->
    <test name="FooterTest" duration-ms="20174" started-at="2021-09-26T11:34:15 IST" finished-at="2021-09-26T11:34:35 IST">
      <class name="com.UrbanLadder.Runner.FooterTest">
        <test-method status="PASS" signature="initialize()[pri:0, instance:com.UrbanLadder.Runner.FooterTest@76f2bbc1]" name="initialize" is-config="true" duration-ms="4623" started-at="2021-09-26T11:34:15 IST" finished-at="2021-09-26T11:34:20 IST">
          <reporter-output>
          </reporter-output>
        </test-method> <!-- initialize -->
        <test-method status="PASS" signature="GiftCardValidate()[pri:0, instance:com.UrbanLadder.Runner.FooterTest@76f2bbc1]" name="GiftCardValidate" duration-ms="14696" started-at="2021-09-26T11:34:20 IST" finished-at="2021-09-26T11:34:35 IST">
          <reporter-output>
          </reporter-output>
        </test-method> <!-- GiftCardValidate -->
        <test-method status="PASS" signature="teardown()[pri:0, instance:com.UrbanLadder.Runner.FooterTest@76f2bbc1]" name="teardown" is-config="true" duration-ms="852" started-at="2021-09-26T11:34:35 IST" finished-at="2021-09-26T11:34:35 IST">
          <reporter-output>
          </reporter-output>
        </test-method> <!-- teardown -->
      </class> <!-- com.UrbanLadder.Runner.FooterTest -->
    </test> <!-- FooterTest -->
    <test name="AddressTest" duration-ms="14571" started-at="2021-09-26T11:34:35 IST" finished-at="2021-09-26T11:34:50 IST">
      <class name="com.UrbanLadder.Runner.AddressTest">
        <test-method status="PASS" signature="initialize()[pri:0, instance:com.UrbanLadder.Runner.AddressTest@2cdd0d4b]" name="initialize" is-config="true" duration-ms="4678" started-at="2021-09-26T11:34:35 IST" finished-at="2021-09-26T11:34:40 IST">
          <reporter-output>
          </reporter-output>
        </test-method> <!-- initialize -->
        <test-method status="PASS" signature="GiftCardValidate()[pri:0, instance:com.UrbanLadder.Runner.AddressTest@2cdd0d4b]" name="GiftCardValidate" duration-ms="9891" started-at="2021-09-26T11:34:40 IST" finished-at="2021-09-26T11:34:50 IST">
          <reporter-output>
          </reporter-output>
        </test-method> <!-- GiftCardValidate -->
      </class> <!-- com.UrbanLadder.Runner.AddressTest -->
    </test> <!-- AddressTest -->
    <test name="Searchexcel" duration-ms="19928" started-at="2021-09-26T11:34:50 IST" finished-at="2021-09-26T11:35:10 IST">
      <class name="com.UrbanLadder.Runner.SearchExcelTest">
        <test-method status="PASS" signature="openBrowser()[pri:0, instance:com.UrbanLadder.Runner.SearchExcelTest@4e268090]" name="openBrowser" is-config="true" duration-ms="2368" started-at="2021-09-26T11:34:50 IST" finished-at="2021-09-26T11:34:52 IST">
          <reporter-output>
          </reporter-output>
        </test-method> <!-- openBrowser -->
        <test-method status="FAIL" signature="SearchPage(java.lang.String)[pri:0, instance:com.UrbanLadder.Runner.SearchExcelTest@4e268090]" name="SearchPage" duration-ms="16239" started-at="2021-09-26T11:34:54 IST" data-provider="getData" finished-at="2021-09-26T11:35:10 IST">
          <params>
            <param index="0">
              <value>
                <![CDATA[Table]]>
              </value>
            </param>
          </params>
          <exception class="org.openqa.selenium.ElementClickInterceptedException">
            <message>
              <![CDATA[element click intercepted: Element <input type="search" name="keywords" id="search" value="" placeholder="Search" itemprop="query-input" class="typeahead tt-input" autocomplete="off" spellcheck="false" dir="auto" style="position: relative; vertical-align: top; background-color: transparent;"> is not clickable at point (631, 80). Other element would receive the click: <div class="header__topBar-content">...</div>
  (Session info: chrome=93.0.4577.82)
Build info: version: '3.141.59', revision: 'e82be7d358', time: '2018-11-14T08:17:03'
System info: host: 'LAB-63761848683', ip: '172.18.23.148', os.name: 'Windows 10', os.arch: 'amd64', os.version: '10.0', java.version: '1.8.0_291'
Driver info: org.openqa.selenium.chrome.ChromeDriver
Capabilities {acceptInsecureCerts: false, browserName: chrome, browserVersion: 93.0.4577.82, chrome: {chromedriverVersion: 92.0.4515.107 (87a818b10553..., userDataDir: C:\Users\User\AppData\Local...}, goog:chromeOptions: {debuggerAddress: localhost:54660}, javascriptEnabled: true, networkConnectionEnabled: false, pageLoadStrategy: normal, platform: WINDOWS, platformName: WINDOWS, proxy: Proxy(), setWindowRect: true, strictFileInteractability: false, timeouts: {implicit: 0, pageLoad: 300000, script: 30000}, unhandledPromptBehavior: dismiss and notify, webauthn:extension:credBlob: true, webauthn:extension:largeBlob: true, webauthn:virtualAuthenticators: true}
Session ID: 5a796842e2f548179c9dee30102e2405]]>
            </message>
            <full-stacktrace>
              <![CDATA[org.openqa.selenium.ElementClickInterceptedException: element click intercepted: Element <input type="search" name="keywords" id="search" value="" placeholder="Search" itemprop="query-input" class="typeahead tt-input" autocomplete="off" spellcheck="false" dir="auto" style="position: relative; vertical-align: top; background-color: transparent;"> is not clickable at point (631, 80). Other element would receive the click: <div class="header__topBar-content">...</div>
  (Session info: chrome=93.0.4577.82)
Build info: version: '3.141.59', revision: 'e82be7d358', time: '2018-11-14T08:17:03'
System info: host: 'LAB-63761848683', ip: '172.18.23.148', os.name: 'Windows 10', os.arch: 'amd64', os.version: '10.0', java.version: '1.8.0_291'
Driver info: org.openqa.selenium.chrome.ChromeDriver
Capabilities {acceptInsecureCerts: false, browserName: chrome, browserVersion: 93.0.4577.82, chrome: {chromedriverVersion: 92.0.4515.107 (87a818b10553..., userDataDir: C:\Users\User\AppData\Local...}, goog:chromeOptions: {debuggerAddress: localhost:54660}, javascriptEnabled: true, networkConnectionEnabled: false, pageLoadStrategy: normal, platform: WINDOWS, platformName: WINDOWS, proxy: Proxy(), setWindowRect: true, strictFileInteractability: false, timeouts: {implicit: 0, pageLoad: 300000, script: 30000}, unhandledPromptBehavior: dismiss and notify, webauthn:extension:credBlob: true, webauthn:extension:largeBlob: true, webauthn:virtualAuthenticators: true}
Session ID: 5a796842e2f548179c9dee30102e2405
at sun.reflect.NativeConstructorAccessorImpl.newInstance0(Native Method)
at sun.reflect.NativeConstructorAccessorImpl.newInstance(NativeConstructorAccessorImpl.java:62)
at sun.reflect.DelegatingConstructorAccessorImpl.newInstance(DelegatingConstructorAccessorImpl.java:45)
at java.lang.reflect.Constructor.newInstance(Constructor.java:423)
at org.openqa.selenium.remote.http.W3CHttpResponseCodec.createException(W3CHttpResponseCodec.java:187)
at org.openqa.selenium.remote.http.W3CHttpResponseCodec.decode(W3CHttpResponseCodec.java:122)
at org.openqa.selenium.remote.http.W3CHttpResponseCodec.decode(W3CHttpResponseCodec.java:49)
at org.openqa.selenium.remote.HttpCommandExecutor.execute(HttpCommandExecutor.java:158)
at org.openqa.selenium.remote.service.DriverCommandExecutor.execute(DriverCommandExecutor.java:83)
at org.openqa.selenium.remote.RemoteWebDriver.execute(RemoteWebDriver.java:552)
at org.openqa.selenium.remote.RemoteWebElement.execute(RemoteWebElement.java:285)
at org.openqa.selenium.remote.RemoteWebElement.click(RemoteWebElement.java:84)
at com.UrbanLadder.Runner.SearchExcelTest.SearchPage(SearchExcelTest.java:42)
at sun.reflect.NativeMethodAccessorImpl.invoke0(Native Method)
at sun.reflect.NativeMethodAccessorImpl.invoke(NativeMethodAccessorImpl.java:62)
at sun.reflect.DelegatingMethodAccessorImpl.invoke(DelegatingMethodAccessorImpl.java:43)
at java.lang.reflect.Method.invoke(Method.java:498)
at org.testng.internal.MethodInvocationHelper.invokeMethod(MethodInvocationHelper.java:133)
at org.testng.internal.TestInvoker.invokeMethod(TestInvoker.java:598)
at org.testng.internal.TestInvoker.invokeTestMethod(TestInvoker.java:173)
at org.testng.internal.MethodRunner.runInSequence(MethodRunner.java:46)
at org.testng.internal.TestInvoker$MethodInvocationAgent.invoke(TestInvoker.java:824)
at org.testng.internal.TestInvoker.invokeTestMethods(TestInvoker.java:146)
at org.testng.internal.TestMethodWorker.invokeTestMethods(TestMethodWorker.java:146)
at org.testng.internal.TestMethodWorker.run(TestMethodWorker.java:128)
at java.util.ArrayList.forEach(ArrayList.java:1259)
at org.testng.TestRunner.privateRun(TestRunner.java:794)
at org.testng.TestRunner.run(TestRunner.java:596)
at org.testng.SuiteRunner.runTest(SuiteRunner.java:377)
at org.testng.SuiteRunner.runSequentially(SuiteRunner.java:371)
at org.testng.SuiteRunner.privateRun(SuiteRunner.java:332)
at org.testng.SuiteRunner.run(SuiteRunner.java:276)
at org.testng.SuiteRunnerWorker.runSuite(SuiteRunnerWorker.java:53)
at org.testng.SuiteRunnerWorker.run(SuiteRunnerWorker.java:96)
at org.testng.TestNG.runSuitesSequentially(TestNG.java:1212)
at org.testng.TestNG.runSuitesLocally(TestNG.java:1134)
at org.testng.TestNG.runSuites(TestNG.java:1063)
at org.testng.TestNG.run(TestNG.java:1031)
at org.apache.maven.surefire.testng.TestNGExecutor.run(TestNGExecutor.java:284)
at org.apache.maven.surefire.testng.TestNGXmlTestSuite.execute(TestNGXmlTestSuite.java:75)
at org.apache.maven.surefire.testng.TestNGProvider.invoke(TestNGProvider.java:119)
at org.apache.maven.surefire.booter.ForkedBooter.runSuitesInProcess(ForkedBooter.java:428)
at org.apache.maven.surefire.booter.ForkedBooter.execute(ForkedBooter.java:162)
at org.apache.maven.surefire.booter.ForkedBooter.run(ForkedBooter.java:562)
at org.apache.maven.surefire.booter.ForkedBooter.main(ForkedBooter.java:548)
]]>
            </full-stacktrace>
          </exception> <!-- org.openqa.selenium.ElementClickInterceptedException -->
          <reporter-output>
          </reporter-output>
        </test-method> <!-- SearchPage -->
      </class> <!-- com.UrbanLadder.Runner.SearchExcelTest -->
    </test> <!-- Searchexcel -->
  </suite> <!-- Suite -->
</testng-results>
